<?xml version="1.0" encoding="UTF-8"?>
<!-- Generated by org.testng.reporters.JUnitReportReporter -->
<testsuite skipped="1" hostname="DESKTOP-MD2112N" name="com.nationalguard.testcases.GetStartedFormTestPageObject" tests="3" failures="0" timestamp="08 Mar 2021 23:47:12 GMT" time="36.394" errors="0">
  <testcase name="GetStartedForm" time="24.056" classname="com.nationalguard.testcases.GetStartedFormTestPageObject"/>
  <testcase name="GetStartedForm" time="1.333" classname="com.nationalguard.testcases.GetStartedFormTestPageObject">
    <skipped/>
  </testcase> <!-- GetStartedForm -->
  <testcase name="GetStartedForm" time="11.005" classname="com.nationalguard.testcases.GetStartedFormTestPageObject"/>
</testsuite> <!-- com.nationalguard.testcases.GetStartedFormTestPageObject -->
