<?xml version="1.0" encoding="UTF-8"?>
<!-- Generated by org.testng.reporters.JUnitReportReporter -->
<testsuite skipped="1" hostname="DESKTOP-MD2112N" name="com.nationalguard.testcases.GetStartedFormTestPageObject" tests="3" failures="0" timestamp="16 Mar 2021 23:48:48 GMT" time="34.739" errors="0">
  <testcase name="GetStartedForm" time="22.978" classname="com.nationalguard.testcases.GetStartedFormTestPageObject"/>
  <testcase name="GetStartedForm" time="1.358" classname="com.nationalguard.testcases.GetStartedFormTestPageObject">
    <skipped/>
  </testcase> <!-- GetStartedForm -->
  <testcase name="GetStartedForm" time="10.403" classname="com.nationalguard.testcases.GetStartedFormTestPageObject"/>
</testsuite> <!-- com.nationalguard.testcases.GetStartedFormTestPageObject -->
